  Gundam.cpp
C:\Users\User\Documents\GitHub\Gundam\Gundam\Gundam.cpp(293,31): warning C4305: 'initializing': truncation from 'double' to 'float'
C:\Users\User\Documents\GitHub\Gundam\Gundam\Gundam.cpp(294,31): warning C4305: 'initializing': truncation from 'double' to 'float'
C:\Users\User\Documents\GitHub\Gundam\Gundam\Gundam.cpp(457,30): warning C4305: 'initializing': truncation from 'double' to 'float'
C:\Users\User\Documents\GitHub\Gundam\Gundam\Gundam.cpp(1413,33): warning C4305: 'argument': truncation from 'double' to 'GLfloat'
C:\Users\User\Documents\GitHub\Gundam\Gundam\Gundam.cpp(1419,34): warning C4305: 'argument': truncation from 'double' to 'GLfloat'
C:\Users\User\Documents\GitHub\Gundam\Gundam\Gundam.cpp(2190,51): warning C4305: '+=': truncation from 'double' to 'float'
C:\Users\User\Documents\GitHub\Gundam\Gundam\Gundam.cpp(2198,52): warning C4244: 'argument': conversion from 'double' to 'GLfloat', possible loss of data
C:\Users\User\Documents\GitHub\Gundam\Gundam\Gundam.cpp(2198,22): warning C4244: 'argument': conversion from 'double' to 'GLfloat', possible loss of data
C:\Users\User\Documents\GitHub\Gundam\Gundam\Gundam.cpp(2434,30): warning C4305: 'argument': truncation from 'double' to 'GLfloat'
C:\Users\User\Documents\GitHub\Gundam\Gundam\Gundam.cpp(2436,32): warning C4305: 'argument': truncation from 'double' to 'GLfloat'
C:\Users\User\Documents\GitHub\Gundam\Gundam\Gundam.cpp(3139,47): warning C4244: 'argument': conversion from 'float' to 'int', possible loss of data
C:\Users\User\Documents\GitHub\Gundam\Gundam\Gundam.cpp(3139,40): warning C4244: 'argument': conversion from 'float' to 'int', possible loss of data
C:\Users\User\Documents\GitHub\Gundam\Gundam\Gundam.cpp(3784,31): warning C4305: 'argument': truncation from 'double' to 'GLfloat'
C:\Users\User\Documents\GitHub\Gundam\Gundam\Gundam.cpp(3887,35): warning C4305: 'argument': truncation from 'double' to 'GLfloat'
C:\Users\User\Documents\GitHub\Gundam\Gundam\Gundam.cpp(4109,104): warning C4305: 'argument': truncation from 'double' to 'float'
C:\Users\User\Documents\GitHub\Gundam\Gundam\Gundam.cpp(4547,51): warning C4305: '+=': truncation from 'double' to 'float'
C:\Users\User\Documents\GitHub\Gundam\Gundam\Gundam.cpp(4556,52): warning C4244: 'argument': conversion from 'double' to 'GLfloat', possible loss of data
C:\Users\User\Documents\GitHub\Gundam\Gundam\Gundam.cpp(4556,22): warning C4244: 'argument': conversion from 'double' to 'GLfloat', possible loss of data
C:\Users\User\Documents\GitHub\Gundam\Gundam\Gundam.cpp(4812,45): warning C4305: '+=': truncation from 'double' to 'float'
C:\Users\User\Documents\GitHub\Gundam\Gundam\Gundam.cpp(4814,53): warning C4244: 'argument': conversion from 'double' to 'GLfloat', possible loss of data
C:\Users\User\Documents\GitHub\Gundam\Gundam\Gundam.cpp(4814,23): warning C4244: 'argument': conversion from 'double' to 'GLfloat', possible loss of data
C:\Users\User\Documents\GitHub\Gundam\Gundam\Gundam.cpp(4864,43): warning C4305: '+=': truncation from 'double' to 'float'
C:\Users\User\Documents\GitHub\Gundam\Gundam\Gundam.cpp(4866,53): warning C4244: 'argument': conversion from 'double' to 'GLfloat', possible loss of data
C:\Users\User\Documents\GitHub\Gundam\Gundam\Gundam.cpp(4866,22): warning C4244: 'argument': conversion from 'double' to 'GLfloat', possible loss of data
C:\Users\User\Documents\GitHub\Gundam\Gundam\Gundam.cpp(4878,44): warning C4305: '+=': truncation from 'double' to 'float'
C:\Users\User\Documents\GitHub\Gundam\Gundam\Gundam.cpp(4880,54): warning C4244: 'argument': conversion from 'double' to 'GLfloat', possible loss of data
C:\Users\User\Documents\GitHub\Gundam\Gundam\Gundam.cpp(4880,22): warning C4244: 'argument': conversion from 'double' to 'GLfloat', possible loss of data
  Gundam.vcxproj -> C:\Users\User\Documents\GitHub\Gundam\x64\Debug\Gundam.exe
